Arguments: 
  /usr/bin/node /usr/share/yarn/bin/yarn.js install

PATH: 
  /home/noel/.local/bin:/usr/local/sbin:/usr/local/bin:/usr/sbin:/usr/bin:/sbin:/bin:/usr/games:/usr/local/games:/c/ProgramData/DockerDesktop/version-bin:/c/Program Files/Docker/Docker/Resources/bin:/c/Program Files (x86)/Common Files/Oracle/Java/javapath:/c/Python37/Scripts/:/c/Python37/:/c/Python27/:/c/Python27/Scripts:/c/Program Files (x86)/Intel/Intel(R) Management Engine Components/iCLS/:/c/Program Files/Intel/Intel(R) Management Engine Components/iCLS/:/c/WINDOWS/system32/cmd.exe:/c/WINDOWS:/c/WINDOWS/System32/Wbem:/c/WINDOWS/System32/WindowsPowerShell/v1.0/:/c/WINDOWS/System32/OpenSSH/:/c/Program Files (x86)/Intel/Intel(R) Management Engine Components/DAL:/c/Program Files/Intel/Intel(R) Management Engine Components/DAL:/c/Program Files (x86)/Intel/Intel(R) Management Engine Components/IPT:/c/Program Files/Intel/Intel(R) Management Engine Components/IPT:/c/ProgramData/chocolatey/bin:/c/Program Files/Microsoft VS Code/bin:/c/Program Files/Git/cmd:/c/Program Files/nodejs/:/c/Users/noels/Anaconda3/Scripts:/c/Users/noels/Anaconda3:/c/Program Files/Intel/WiFi/bin/:/c/Program Files/Common Files/Intel/WirelessCommon/:/c/Program Files/PuTTY/:/c/wamp64/bin/php/php5.6.40:/c/ProgramData/ComposerSetup/bin:/c/Program Files/dotnet/:/c/Program Files/Microsoft SQL Server/130/Tools/Binn/:/c/Program Files/Microsoft SQL Server/Client SDK/ODBC/170/Tools/Binn/:/c/Windows/System32/:/c/Program Files/PowerShell/7-preview/preview:/c/WINDOWS/system32:/c/Program Files/MySQL/MySQL Shell 8.0/bin/:/c/Users/noels/AppData/Local/Microsoft/WindowsApps

Yarn version: 
  1.19.1

Node version: 
  12.11.1

Platform: 
  linux x64

Trace: 
  Error: EACCES: permission denied, unlink '/home/noel/workspace/openlawnz-search/node_modules/.yarn-integrity'

npm manifest: 
  {
    "name": "openlawnz-search",
    "version": "1.0.0",
    "description": "API for openlawnz search engine",
    "main": "index.js",
    "scripts": {
      "start": "node index.js",
      "build": "rm -rf .tmp && mkdir .tmp && mkdir -p dist && babel index.js -o .tmp/index.js --presets @babel/env && cp package.json .tmp/ && zip dist/dist.zip .tmp/* -j && rm -rf .tmp",
      "dev": "rm -rf debug && mkdir debug && babel index.js -o debug/index.js --presets @babel/env && node -r dotenv/config debug/index.js",
      "test": "echo \"Error: no test specified\" && exit 1"
    },
    "repository": {
      "type": "git",
      "url": "git+https://github.com/openlawnz/openlawnz-search.git"
    },
    "author": "Ed Haslam",
    "license": "GPL-3.0",
    "bugs": {
      "url": "https://github.com/openlawnz/openlawnz-search/issues"
    },
    "homepage": "https://github.com/openlawnz/openlawnz-search#readme",
    "dependencies": {
      "cors": "^2.8.5",
      "express": "^4.17.1",
      "pg": "^7.12.1"
    },
    "devDependencies": {
      "@babel/cli": "^7.5.0",
      "@babel/core": "^7.5.4",
      "@babel/preset-env": "^7.5.4",
      "dotenv": "^8.0.0"
    },
    "resolutions": {
      "lodash": "^4.17.14"
    }
  }

yarn manifest: 
  No manifest

Lockfile: 
  No lockfile
